<?xml version="1.0" encoding="UTF-8"?>
<!-- Generated by org.testng.reporters.JUnitXMLReporter -->
<testsuite hostname="DESKTOP-KKBVUFL" ignored="1" name="Elements" tests="1" failures="0" timestamp="16 Jun 2023 05:04:33 GMT" time="16.938" errors="0">
  <testcase name="elements_CheckBox" time="1.702" classname="com.qa.tests.ToolsQaElementsTests"/>
  <testcase name="elements_TextBox" time="0.0" classname="com.qa.tests.ToolsQaElementsTests">
    <ignored/>
  </testcase> <!-- elements_TextBox -->
</testsuite> <!-- Elements -->
