<?xml version="1.0" encoding="UTF-8"?>
<!-- Generated by org.testng.reporters.JUnitXMLReporter -->
<testsuite hostname="DESKTOP-KKBVUFL" ignored="1" name="Test" tests="1" failures="0" timestamp="16 Jun 2023 05:04:16 GMT" time="16.528" errors="0">
  <testcase name="Widgets_AutoComplete" time="0.868" classname="com.qa.tests.ToolsQaWidgets"/>
  <testcase name="widgets_Accordian" time="0.0" classname="com.qa.tests.ToolsQaWidgets">
    <ignored/>
  </testcase> <!-- widgets_Accordian -->
</testsuite> <!-- Test -->
