<?xml version="1.0" encoding="UTF-8"?>
<testng-results skipped="0" failed="0" ignored="2" total="4" passed="2">
  <reporter-output>
  </reporter-output>
  <suite name="Suite" duration-ms="33500" started-at="2023-06-16T05:03:59Z" finished-at="2023-06-16T05:04:33Z">
    <groups>
      <group name="smoke">
        <method signature="ToolsQaWidgets.Widgets_AutoComplete()[pri:2, instance:com.qa.tests.ToolsQaWidgets@223f3642]" name="Widgets_AutoComplete" class="com.qa.tests.ToolsQaWidgets"/>
        <method signature="ToolsQaElementsTests.elements_CheckBox()[pri:2, instance:com.qa.tests.ToolsQaElementsTests@56a6d5a6]" name="elements_CheckBox" class="com.qa.tests.ToolsQaElementsTests"/>
      </group> <!-- smoke -->
    </groups>
    <test name="Test" duration-ms="16528" started-at="2023-06-16T05:03:59Z" finished-at="2023-06-16T05:04:16Z">
      <class name="com.qa.tests.ToolsQaWidgets">
        <test-method status="PASS" signature="launchApplication()[pri:0, instance:com.qa.tests.ToolsQaWidgets@223f3642]" name="launchApplication" is-config="true" duration-ms="15311" started-at="2023-06-16T05:04:00Z" finished-at="2023-06-16T05:04:15Z">
          <reporter-output>
          </reporter-output>
        </test-method> <!-- launchApplication -->
        <test-method status="PASS" signature="Widgets_AutoComplete()[pri:2, instance:com.qa.tests.ToolsQaWidgets@223f3642]" name="Widgets_AutoComplete" duration-ms="868" started-at="2023-06-16T05:04:15Z" finished-at="2023-06-16T05:04:16Z">
          <reporter-output>
          </reporter-output>
        </test-method> <!-- Widgets_AutoComplete -->
        <test-method status="PASS" signature="tearDown()[pri:0, instance:com.qa.tests.ToolsQaWidgets@223f3642]" name="tearDown" is-config="true" duration-ms="280" started-at="2023-06-16T05:04:16Z" finished-at="2023-06-16T05:04:16Z">
          <reporter-output>
          </reporter-output>
        </test-method> <!-- tearDown -->
      </class> <!-- com.qa.tests.ToolsQaWidgets -->
    </test> <!-- Test -->
    <test name="Elements" duration-ms="16938" started-at="2023-06-16T05:04:16Z" finished-at="2023-06-16T05:04:33Z">
      <class name="com.qa.tests.ToolsQaElementsTests">
        <test-method status="PASS" signature="launchApplication()[pri:0, instance:com.qa.tests.ToolsQaElementsTests@56a6d5a6]" name="launchApplication" is-config="true" duration-ms="14978" started-at="2023-06-16T05:04:16Z" finished-at="2023-06-16T05:04:31Z">
          <reporter-output>
          </reporter-output>
        </test-method> <!-- launchApplication -->
        <test-method status="PASS" signature="elements_CheckBox()[pri:2, instance:com.qa.tests.ToolsQaElementsTests@56a6d5a6]" name="elements_CheckBox" duration-ms="1702" started-at="2023-06-16T05:04:31Z" finished-at="2023-06-16T05:04:33Z">
          <reporter-output>
          </reporter-output>
        </test-method> <!-- elements_CheckBox -->
        <test-method status="PASS" signature="tearDown()[pri:0, instance:com.qa.tests.ToolsQaElementsTests@56a6d5a6]" name="tearDown" is-config="true" duration-ms="252" started-at="2023-06-16T05:04:33Z" finished-at="2023-06-16T05:04:33Z">
          <reporter-output>
          </reporter-output>
        </test-method> <!-- tearDown -->
      </class> <!-- com.qa.tests.ToolsQaElementsTests -->
    </test> <!-- Elements -->
  </suite> <!-- Suite -->
</testng-results>
